[INFO] 02:51:42:395 LOG_INICIAL/(4323:4323): Hola! Soy un log
[INFO] 03:12:07:598 LOG_INICIAL/(6727:6727): Hola! Soy un log
[INFO] 03:12:07:605 LOG_INICIAL/(6727:6727): 21
[INFO] 03:29:27:181 LOG_INICIAL/(7943:7943): Hola! Soy un log
[INFO] 03:29:27:183 LOG_INICIAL/(7943:7943): 21
[INFO] 03:29:32:434 LOG_INICIAL/(7943:7943): Entrada recibida: hola
[INFO] 03:35:20:447 LOG_INICIAL/(7943:7943): Entrada recibida: hola hola
[INFO] 03:44:35:080 LOG_INICIAL/(8636:8636): Hola! Soy un log
[INFO] 03:44:35:082 LOG_INICIAL/(8636:8636): 21
[INFO] 23:50:01:727 LOG_INICIAL/(5084:5084): Hola! Soy un log
[INFO] 23:50:01:729 LOG_INICIAL/(5084:5084): 21
[INFO] 23:50:01:729 LOG_INICIAL/(5084:5084): 127.0.0.1
[INFO] 23:50:01:730 LOG_INICIAL/(5084:5084): 4444
[INFO] 23:50:12:696 LOG_INICIAL/(5084:5084): Entrada recibida: hola
[INFO] 23:52:17:531 LOG_INICIAL/(5572:5572): Hola! Soy un log
[INFO] 23:52:17:534 LOG_INICIAL/(5572:5572): 21
[INFO] 23:52:17:534 LOG_INICIAL/(5572:5572): 127.0.0.1
[INFO] 23:52:17:534 LOG_INICIAL/(5572:5572): 4444
[INFO] 23:54:12:015 LOG_INICIAL/(5952:5952): Hola! Soy un log
[INFO] 23:54:12:017 LOG_INICIAL/(5952:5952): 21
[INFO] 23:54:12:017 LOG_INICIAL/(5952:5952): 127.0.0.1
[INFO] 23:54:12:017 LOG_INICIAL/(5952:5952): 4444
[INFO] 23:54:15:247 LOG_INICIAL/(5952:5952): Entrada recibida: hola
[INFO] 23:54:24:436 LOG_INICIAL/(5952:5952): Entrada recibida: holaaa
[INFO] 23:54:29:582 LOG_INICIAL/(5952:5952): Antes de crear conexion
[INFO] 23:54:29:582 LOG_INICIAL/(5952:5952): Cree la conexion en la linea anterior
[INFO] 02:53:46:184 LOG_INICIAL/(7022:7022): Hola! Soy un log
[INFO] 02:53:46:187 LOG_INICIAL/(7022:7022): 21
[INFO] 02:53:46:187 LOG_INICIAL/(7022:7022): 127.0.0.1
[INFO] 02:53:46:187 LOG_INICIAL/(7022:7022): 4444
[INFO] 02:53:57:660 LOG_INICIAL/(7022:7022): Entrada recibida: hola
[INFO] 02:54:06:307 LOG_INICIAL/(7022:7022): Entrada recibida: no veo nada
[INFO] 02:54:14:675 LOG_INICIAL/(7022:7022): Antes de crear conexion
[INFO] 02:54:14:675 LOG_INICIAL/(7022:7022): Cree la conexion en la linea anterior
[INFO] 04:56:16:781 LOG_INICIAL/(8739:8739): Hola! Soy un log
[INFO] 04:56:16:784 LOG_INICIAL/(8739:8739): 21
[INFO] 04:56:16:784 LOG_INICIAL/(8739:8739): 127.0.0.1
[INFO] 04:56:16:784 LOG_INICIAL/(8739:8739): 4444
[INFO] 04:59:00:624 LOG_INICIAL/(8739:8739): Entrada recibida: hola
[INFO] 04:59:03:069 LOG_INICIAL/(8739:8739): Antes de crear conexion
[INFO] 04:59:03:069 LOG_INICIAL/(8739:8739): Cree la conexion en la linea anterior
[INFO] 04:59:03:069 LOG_INICIAL/(8739:8739): Cree la conexion en la linea anterior
[INFO] 05:02:55:144 LOG_INICIAL/(9177:9177): Hola! Soy un log
[INFO] 05:02:55:146 LOG_INICIAL/(9177:9177): 21
[INFO] 05:02:55:146 LOG_INICIAL/(9177:9177): 127.0.0.1
[INFO] 05:02:55:146 LOG_INICIAL/(9177:9177): 4444
[INFO] 05:03:15:134 LOG_INICIAL/(9177:9177): Antes de crear conexion
[INFO] 05:03:15:134 LOG_INICIAL/(9177:9177): Cree la conexion en la linea anterior
[INFO] 05:03:15:134 LOG_INICIAL/(9177:9177): Handshake
[INFO] 05:05:28:753 LOG_INICIAL/(9479:9479): Hola! Soy un log
[INFO] 05:05:28:754 LOG_INICIAL/(9479:9479): 21
[INFO] 05:05:28:755 LOG_INICIAL/(9479:9479): 127.0.0.1
[INFO] 05:05:28:755 LOG_INICIAL/(9479:9479): 4444
[INFO] 05:05:43:688 LOG_INICIAL/(9479:9479): Entrada recibida: hola
[INFO] 05:05:50:325 LOG_INICIAL/(9479:9479): Antes de crear conexion
[INFO] 05:05:50:326 LOG_INICIAL/(9479:9479): Cree la conexion en la linea anterior
[INFO] 05:05:50:326 LOG_INICIAL/(9479:9479): Handshake
[INFO] 05:07:15:558 LOG_INICIAL/(9824:9824): Hola! Soy un log
[INFO] 05:07:15:560 LOG_INICIAL/(9824:9824): 21
[INFO] 05:07:15:560 LOG_INICIAL/(9824:9824): 127.0.0.1
[INFO] 05:07:15:561 LOG_INICIAL/(9824:9824): 4444
[INFO] 05:07:26:974 LOG_INICIAL/(9824:9824): Entrada recibida: hola
[INFO] 05:07:27:964 LOG_INICIAL/(9824:9824): Antes de crear conexion
[INFO] 05:07:27:964 LOG_INICIAL/(9824:9824): Cree la conexion en la linea anterior
[INFO] 05:07:27:965 LOG_INICIAL/(9824:9824): Handshake
[INFO] 05:10:45:406 LOG_INICIAL/(10352:10352): Hola! Soy un log
[INFO] 05:10:45:408 LOG_INICIAL/(10352:10352): 21
[INFO] 05:10:45:408 LOG_INICIAL/(10352:10352): 127.0.0.1
[INFO] 05:10:45:408 LOG_INICIAL/(10352:10352): 4444
[INFO] 05:10:48:941 LOG_INICIAL/(10352:10352): Antes de crear conexion
[INFO] 05:10:48:941 LOG_INICIAL/(10352:10352): Cree la conexion en la linea anterior
[INFO] 05:10:48:942 LOG_INICIAL/(10352:10352): Handshake
[INFO] 05:13:41:012 LOG_INICIAL/(10933:10933): Hola! Soy un log
[INFO] 05:13:41:017 LOG_INICIAL/(10933:10933): 21
[INFO] 05:13:41:018 LOG_INICIAL/(10933:10933): 127.0.0.1
[INFO] 05:13:41:018 LOG_INICIAL/(10933:10933): 4444
[INFO] 05:13:46:303 LOG_INICIAL/(10933:10933): Entrada recibida: Hola
[INFO] 05:13:49:871 LOG_INICIAL/(10933:10933): Entrada recibida: Como va
[INFO] 05:13:50:654 LOG_INICIAL/(10933:10933): Antes de crear conexion
[INFO] 05:13:50:655 LOG_INICIAL/(10933:10933): Cree la conexion en la linea anterior
[INFO] 05:13:50:655 LOG_INICIAL/(10933:10933): Handshake
[INFO] 05:21:11:094 LOG_INICIAL/(11835:11835): Hola! Soy un log
[INFO] 05:21:11:096 LOG_INICIAL/(11835:11835): 21
[INFO] 05:21:11:096 LOG_INICIAL/(11835:11835): 127.0.0.1
[INFO] 05:21:11:096 LOG_INICIAL/(11835:11835): 4444
[INFO] 05:21:15:376 LOG_INICIAL/(11835:11835): Entrada recibida: Buenas
[INFO] 05:21:21:360 LOG_INICIAL/(11835:11835): Entrada recibida: Otro intento
[INFO] 05:21:22:264 LOG_INICIAL/(11835:11835): Antes de crear conexion
[INFO] 05:21:22:264 LOG_INICIAL/(11835:11835): Cree la conexion en la linea anterior
[INFO] 05:21:22:264 LOG_INICIAL/(11835:11835): Handshake
[INFO] 05:23:32:886 LOG_INICIAL/(12544:12544): Hola! Soy un log
[INFO] 05:23:32:888 LOG_INICIAL/(12544:12544): 21
[INFO] 05:23:32:888 LOG_INICIAL/(12544:12544): 127.0.0.1
[INFO] 05:23:32:888 LOG_INICIAL/(12544:12544): 4444
[INFO] 05:23:59:011 LOG_INICIAL/(12544:12544): Entrada recibida: Tercer Intento
[INFO] 05:24:00:640 LOG_INICIAL/(12544:12544): Antes de crear conexion
[INFO] 05:24:00:641 LOG_INICIAL/(12544:12544): Cree la conexion en la linea anterior
[INFO] 05:24:00:641 LOG_INICIAL/(12544:12544): Handshake
[INFO] 05:24:00:641 LOG_INICIAL/(12544:12544): Envie mensaje
[INFO] 05:24:00:641 LOG_INICIAL/(12544:12544): Envie Paquete
[INFO] 05:29:23:382 LOG_INICIAL/(13204:13204): Hola! Soy un log
[INFO] 05:29:23:386 LOG_INICIAL/(13204:13204): 21
[INFO] 05:29:23:387 LOG_INICIAL/(13204:13204): 127.0.0.1
[INFO] 05:29:23:388 LOG_INICIAL/(13204:13204): 4444
[INFO] 05:29:32:753 LOG_INICIAL/(13204:13204): Entrada recibida: Otro intento
[INFO] 05:29:33:577 LOG_INICIAL/(13204:13204): Antes de crear conexion
[INFO] 05:29:33:577 LOG_INICIAL/(13204:13204): Cree la conexion en la linea anterior
[INFO] 05:29:33:577 LOG_INICIAL/(13204:13204): Handshake
[INFO] 05:29:33:577 LOG_INICIAL/(13204:13204): Envie mensaje
[INFO] 05:29:33:578 LOG_INICIAL/(13204:13204): Envie Paquete
[INFO] 05:31:08:078 LOG_INICIAL/(13566:13566): Hola! Soy un log
[INFO] 05:31:08:079 LOG_INICIAL/(13566:13566): 21
[INFO] 05:31:08:079 LOG_INICIAL/(13566:13566): 127.0.0.1
[INFO] 05:31:08:079 LOG_INICIAL/(13566:13566): 4444
[INFO] 05:31:34:851 LOG_INICIAL/(13566:13566): Entrada recibida: test
[INFO] 05:31:35:441 LOG_INICIAL/(13566:13566): Antes de crear conexion
[INFO] 05:31:35:442 LOG_INICIAL/(13566:13566): Cree la conexion en la linea anterior
[INFO] 05:31:35:442 LOG_INICIAL/(13566:13566): Handshake
[INFO] 05:31:35:442 LOG_INICIAL/(13566:13566): Envie mensaje
[INFO] 05:31:35:442 LOG_INICIAL/(13566:13566): Envie Paquete
[INFO] 05:49:45:900 LOG_INICIAL/(15599:15599): Hola! Soy un log
[INFO] 05:49:45:902 LOG_INICIAL/(15599:15599): 21
[INFO] 05:49:45:902 LOG_INICIAL/(15599:15599): 127.0.0.1
[INFO] 05:49:45:902 LOG_INICIAL/(15599:15599): 4444
[INFO] 05:49:54:566 LOG_INICIAL/(15599:15599): Entrada recibida: hola, prueba nueva
[INFO] 05:49:56:180 LOG_INICIAL/(15599:15599): Antes de crear conexion
[INFO] 05:49:56:180 LOG_INICIAL/(15599:15599): Cree la conexion en la linea anterior
[INFO] 05:49:56:180 LOG_INICIAL/(15599:15599): Handshake
[INFO] 05:49:56:180 LOG_INICIAL/(15599:15599): Envie mensaje
[INFO] 05:50:31:651 LOG_INICIAL/(15599:15599): Paquete cargado Paquete
[INFO] 05:50:31:651 LOG_INICIAL/(15599:15599): Envie Paquete
[INFO] 05:56:48:583 LOG_INICIAL/(16655:16655): Hola! Soy un log
[INFO] 05:56:48:586 LOG_INICIAL/(16655:16655): 21
[INFO] 05:56:48:586 LOG_INICIAL/(16655:16655): 127.0.0.1
[INFO] 05:56:48:586 LOG_INICIAL/(16655:16655): 4444
[INFO] 05:57:01:779 LOG_INICIAL/(16655:16655): Antes de crear conexion
[INFO] 05:57:01:780 LOG_INICIAL/(16655:16655): Cree la conexion en la linea anterior
[INFO] 05:57:01:780 LOG_INICIAL/(16655:16655): Handshake
[INFO] 05:57:01:780 LOG_INICIAL/(16655:16655): Envie mensaje
[INFO] 05:58:32:022 LOG_INICIAL/(16655:16655): Paquete cargado Paquete
[INFO] 05:58:32:022 LOG_INICIAL/(16655:16655): Envie Paquete
[INFO] 01:18:10:041 LOG_INICIAL/(2452:2452): Hola! Soy un log
[INFO] 01:18:10:043 LOG_INICIAL/(2452:2452): 21
[INFO] 01:18:10:043 LOG_INICIAL/(2452:2452): 127.0.0.1
[INFO] 01:18:10:043 LOG_INICIAL/(2452:2452): 4444
[INFO] 01:18:16:314 LOG_INICIAL/(2452:2452): Entrada recibida: hola
[INFO] 01:18:22:941 LOG_INICIAL/(2452:2452): Antes de crear conexion
[INFO] 01:18:22:941 LOG_INICIAL/(2452:2452): Cree la conexion en la linea anterior
[INFO] 01:18:22:941 LOG_INICIAL/(2452:2452): Handshake
[INFO] 01:18:22:941 LOG_INICIAL/(2452:2452): Envie mensaje
[INFO] 01:18:47:273 LOG_INICIAL/(2452:2452): Paquete cargado Paquete
[INFO] 01:18:47:273 LOG_INICIAL/(2452:2452): Envie Paquete
